c:\users\krunk\desktop\skygame\skygame\tegra-android\debug\libs\armeabi-v7a\libskygame.so
c:\users\krunk\desktop\skygame\skygame\tegra-android\debug\libs\armeabi-v7a\gdbserver
c:\users\krunk\desktop\skygame\tegra-android\debug\libskygame.so
c:\users\krunk\desktop\skygame\skygame\tegra-android\debug\assetmanager.o
c:\users\krunk\desktop\skygame\skygame\tegra-android\debug\camera.o
c:\users\krunk\desktop\skygame\skygame\tegra-android\debug\collisionhandler.o
c:\users\krunk\desktop\skygame\skygame\tegra-android\debug\input.o
c:\users\krunk\desktop\skygame\skygame\tegra-android\debug\level.o
c:\users\krunk\desktop\skygame\skygame\tegra-android\debug\nextlevelmenu.o
c:\users\krunk\desktop\skygame\skygame\tegra-android\debug\shader.o
c:\users\krunk\desktop\skygame\skygame\tegra-android\debug\shaderprogram.o
c:\users\krunk\desktop\skygame\skygame\tegra-android\debug\soundmanager.o
c:\users\krunk\desktop\skygame\skygame\tegra-android\debug\spriteengine.o
c:\users\krunk\desktop\skygame\skygame\tegra-android\debug\texture.o
c:\users\krunk\desktop\skygame\skygame\tegra-android\debug\vertexbuffer.o
c:\users\krunk\desktop\skygame\skygame\tegra-android\debug\android_native_app_glue.o
c:\users\krunk\desktop\skygame\skygame\tegra-android\debug\graphics.o
c:\users\krunk\desktop\skygame\skygame\tegra-android\debug\main.o
c:\users\krunk\desktop\skygame\skygame\tegra-android\debug\game.o
c:\users\krunk\desktop\skygame\skygame\tegra-android\debug\ant.config.cache
c:\users\krunk\desktop\skygame\skygame\tegra-android\debug\ant.command.1.tlog
c:\users\krunk\desktop\skygame\skygame\tegra-android\debug\ant.write.1.tlog
c:\users\krunk\desktop\skygame\skygame\tegra-android\debug\ant_log.xml
c:\users\krunk\desktop\skygame\skygame\tegra-android\debug\nsight_tegra_build.xml
c:\users\krunk\desktop\skygame\skygame\tegra-android\debug\nsight_tegra_manifest.xml
c:\users\krunk\desktop\skygame\skygame\tegra-android\debug\skygame.tlog\arm-linux-androideabi-g++-collect2.read.1.tlog
c:\users\krunk\desktop\skygame\skygame\tegra-android\debug\skygame.tlog\arm-linux-androideabi-g++-collect2.write.1.tlog
c:\users\krunk\desktop\skygame\skygame\tegra-android\debug\skygame.tlog\arm-linux-androideabi-g++-link.command.1.tlog
c:\users\krunk\desktop\skygame\skygame\tegra-android\debug\skygame.tlog\arm-linux-androideabi-g++.compile.command.1.tlog
c:\users\krunk\desktop\skygame\skygame\tegra-android\debug\skygame.tlog\arm-linux-androideabi-g++.compile.read.1.tlog
c:\users\krunk\desktop\skygame\skygame\tegra-android\debug\skygame.tlog\arm-linux-androideabi-g++.compile.write.1.tlog
c:\users\krunk\desktop\skygame\skygame\tegra-android\debug\skygame.tlog\arm-linux-androideabi-g++.read.1.tlog
c:\users\krunk\desktop\skygame\skygame\tegra-android\debug\skygame.tlog\arm-linux-androideabi-g++.write.1.tlog
