  Game.cpp
  Graphics.cpp
  main.cpp
  Input.cpp
  android_native_app_glue.c
  SkyGame.vcxproj -> C:\Users\krunk\Desktop\SkyGame\Tegra-Android\Debug\libSkyGame.so
  Stripping C:\Users\krunk\Desktop\SkyGame\Tegra-Android\Debug\libSkyGame.so to C:\Users\krunk\Desktop\SkyGame\Tegra-Android\Debug\stripped_libSkyGame.so
  Adding debuglink C:\Users\krunk\Desktop\SkyGame\Tegra-Android\Debug\libSkyGame.so to C:\Users\krunk\Desktop\SkyGame\Tegra-Android\Debug\stripped_libSkyGame.so
C:\Program Files (x86)\MSBuild\Microsoft.Cpp\v4.0\V140\Platforms\Tegra-Android\Nvidia.AndroidBuild.targets(253,5): warning MSB8015: Forcing a rebuild of all source files due to the contents of "C:\Users\krunk\Desktop\SkyGame\SkyGame\Tegra-Android\Debug\ant.command.1.tlog" being invalid.
  Building using the JDK located here: 'C:\NVPACK\jdk1.7.0_71 (Native64Bit)'...
C:\Program Files (x86)\MSBuild\Microsoft.Cpp\v4.0\V140\Platforms\Tegra-Android\Nvidia.AndroidBuild.targets(253,5): warning : When using a 64-bit Java runtime incremental builds may not function correctly.
  Executing "C:\NVPACK\apache-ant-1.8.2\bin\ant.bat debug -f C:\Users\krunk\Desktop\SkyGame\SkyGame\Tegra-Android\Debug\nsight_tegra_build.xml -listener org.apache.tools.ant.XmlLogger "
  Buildfile: C:\Users\krunk\Desktop\SkyGame\SkyGame\Tegra-Android\Debug\nsight_tegra_build.xml
  
  -set-mode-check:
  
  -set-debug-files:
  
  -check-env:
   [checkenv] Android SDK Tools Revision 24.4.1
   [checkenv] Installed at C:\NVPACK\android-sdk-windows
  
  -setup:
       [echo] Project Name: SkyGame
    [gettype] Project Type: Application
  
  -set-debug-mode:
  
  -debug-obfuscation-check:
  
  -pre-build:
  
  -build-setup:
  [getbuildtools] Using latest Build Tools: 23.0.2
       [echo] Resolving Build Target for SkyGame...
  [gettarget] Project Target:   Android 5.0.1
  [gettarget] API level:        21
       [echo] ----------
       [echo] Creating output directories if needed...
       [echo] ----------
       [echo] Resolving Dependencies for SkyGame...
  [dependency] Library dependencies:
  [dependency] No Libraries
  [dependency] 
  [dependency] ------------------
       [echo] ----------
       [echo] Building Libraries with 'debug'...
     [subant] No sub-builds to iterate on
  
  -code-gen:
  [mergemanifest] Found Deleted Target File
  [mergemanifest] Merging AndroidManifest files into one.
  [mergemanifest] Manifest merger disabled. Using project manifest only.
       [echo] hasCode = false. Skipping aidl/renderscript/R.java
  
  -pre-compile:
  
  -compile:
       [echo] hasCode = false. Skipping...
  
  -post-compile:
  
  -obfuscate:
  
  -dex:
       [echo] hasCode = false. Skipping...
  
  -crunch:
     [crunch] Crunching PNG Files in source dir: C:\Users\krunk\Desktop\SkyGame\SkyGame\res
     [crunch] To destination dir: C:\Users\krunk\Desktop\SkyGame\SkyGame\Tegra-Android\Debug\bin\res
     [crunch] Crunched 0 PNG files to update cache
  
  -package-resources:
       [aapt] Found Deleted Target File
       [aapt] Creating full resource package...
       [aapt] Warning: AndroidManifest.xml already defines debuggable (in http://schemas.android.com/apk/res/android); using existing value in manifest.
  
  -package:
  [apkbuilder] Found Deleted Target File
  [apkbuilder] Creating SkyGame-debug-unaligned.apk and signing it with a debug key...
  
  -post-package:
  
  -do-debug:
   [zipalign] Running zip align on final apk...
       [echo] Debug Package: C:\Users\krunk\Desktop\SkyGame\SkyGame\Tegra-Android\Debug\bin\SkyGame-debug.apk
  [propertyfile] Updating property file: C:\Users\krunk\Desktop\SkyGame\SkyGame\Tegra-Android\Debug\bin\build.prop
  [propertyfile] Updating property file: C:\Users\krunk\Desktop\SkyGame\SkyGame\Tegra-Android\Debug\bin\build.prop
  [propertyfile] Updating property file: C:\Users\krunk\Desktop\SkyGame\SkyGame\Tegra-Android\Debug\bin\build.prop
  [propertyfile] Updating property file: C:\Users\krunk\Desktop\SkyGame\SkyGame\Tegra-Android\Debug\bin\build.prop
  
  -post-build:
  
  debug:
  
  BUILD SUCCESSFUL
  Total time: 2 seconds
  Picked up _JAVA_OPTIONS:  -Xms256m -Xmx1024m
C:\Program Files (x86)\MSBuild\Microsoft.Cpp\v4.0\V140\Platforms\Tegra-Android\Nvidia.AndroidBuild.targets(253,5): warning MSB8015: Forcing a rebuild of all source files due to the contents of "C:\Users\krunk\Desktop\SkyGame\SkyGame\Tegra-Android\Debug\ant.command.1.tlog" being invalid.
