c:\users\krunk\desktop\skygame\skygame\tegra-android\shipping\libs\armeabi-v7a\libskygame.so
c:\users\krunk\desktop\skygame\tegra-android\shipping\libskygame.so
c:\users\krunk\desktop\skygame\skygame\tegra-android\shipping\assetmanager.o
c:\users\krunk\desktop\skygame\skygame\tegra-android\shipping\camera.o
c:\users\krunk\desktop\skygame\skygame\tegra-android\shipping\game.o
c:\users\krunk\desktop\skygame\skygame\tegra-android\shipping\graphics.o
c:\users\krunk\desktop\skygame\skygame\tegra-android\shipping\input.o
c:\users\krunk\desktop\skygame\skygame\tegra-android\shipping\shader.o
c:\users\krunk\desktop\skygame\skygame\tegra-android\shipping\shaderprogram.o
c:\users\krunk\desktop\skygame\skygame\tegra-android\shipping\vertexbuffer.o
c:\users\krunk\desktop\skygame\skygame\tegra-android\shipping\main.o
c:\users\krunk\desktop\skygame\skygame\tegra-android\shipping\android_native_app_glue.o
c:\users\krunk\desktop\skygame\skygame\tegra-android\shipping\ant.config.cache
c:\users\krunk\desktop\skygame\skygame\tegra-android\shipping\ant.command.1.tlog
c:\users\krunk\desktop\skygame\skygame\tegra-android\shipping\ant.write.1.tlog
c:\users\krunk\desktop\skygame\skygame\tegra-android\shipping\ant_log.xml
c:\users\krunk\desktop\skygame\skygame\tegra-android\shipping\nsight_tegra_build.xml
c:\users\krunk\desktop\skygame\skygame\tegra-android\shipping\nsight_tegra_manifest.xml
c:\users\krunk\desktop\skygame\skygame\tegra-android\shipping\skygame.tlog\arm-linux-androideabi-g++-collect2.read.1.tlog
c:\users\krunk\desktop\skygame\skygame\tegra-android\shipping\skygame.tlog\arm-linux-androideabi-g++-collect2.write.1.tlog
c:\users\krunk\desktop\skygame\skygame\tegra-android\shipping\skygame.tlog\arm-linux-androideabi-g++-link.command.1.tlog
c:\users\krunk\desktop\skygame\skygame\tegra-android\shipping\skygame.tlog\arm-linux-androideabi-g++.compile.command.1.tlog
c:\users\krunk\desktop\skygame\skygame\tegra-android\shipping\skygame.tlog\arm-linux-androideabi-g++.compile.read.1.tlog
c:\users\krunk\desktop\skygame\skygame\tegra-android\shipping\skygame.tlog\arm-linux-androideabi-g++.compile.write.1.tlog
c:\users\krunk\desktop\skygame\skygame\tegra-android\shipping\skygame.tlog\arm-linux-androideabi-g++.read.1.tlog
c:\users\krunk\desktop\skygame\skygame\tegra-android\shipping\skygame.tlog\arm-linux-androideabi-g++.write.1.tlog
